09/15/23 14:21:59, 
09/15/23 14:21:59, ****************************
09/15/23 14:21:59, Starting factorization of 21740962110328230832239032656649610932068604557
09/15/23 14:21:59, using pretesting plan: normal
09/15/23 14:21:59, no tune info: using qs/gnfs crossover of 95 digits
09/15/23 14:21:59, no tune info: using qs/snfs crossover of 95 digits
09/15/23 14:21:59, ****************************
09/15/23 14:21:59, rho: x^2 + 3, starting 1000 iterations on C47
09/15/23 14:21:59, rho: x^2 + 2, starting 1000 iterations on C47
09/15/23 14:21:59, rho: x^2 + 1, starting 1000 iterations on C47
09/15/23 14:21:59, pm1: starting B1 = 150K, B2 = gmp-ecm default on C47
09/15/23 14:21:59, prp12 = 226219232053
09/15/23 14:21:59, final ECM pretested depth: 0.000000
09/15/23 14:21:59, scheduler: switching to sieve method
09/15/23 14:21:59, starting SIQS on c35: 96105719717210549486910438869509369
09/15/23 14:21:59, random seed: 14607397884368661202
09/15/23 14:21:59, prp35 = 96105719717210549486910438869509369
09/15/23 14:21:59, Total factoring time = 0.2954 seconds
09/15/23 14:36:28, 
09/15/23 14:36:28, ****************************
09/15/23 14:36:28, Starting factorization of 21240130069302595435883573568292543584653982426668643904196630885984119007899960150162877143271928662185885422702123670222165981446412189843665571992895649937195036232374014356896167929469467494531756153911013832353810970941919101050971790197002016280790620714887304192321101311465703150098410331176735899796484284165771555960758054286754565310439163189954842301676099617954811528874343372426916478057819577132937062857039063351856289801979923260408285890418889829381378968646646737194160697920287161229178345666260994127087040393511692642122516019055570881253021165130706539874713965212158253699181636631222365809257
09/15/23 14:36:28, using pretesting plan: normal
09/15/23 14:36:28, no tune info: using qs/gnfs crossover of 95 digits
09/15/23 14:36:28, no tune info: using qs/snfs crossover of 95 digits
09/15/23 14:36:28, ****************************
09/15/23 14:36:28, rho: x^2 + 3, starting 1000 iterations on C617
09/15/23 14:36:29, rho: x^2 + 2, starting 1000 iterations on C617
09/15/23 14:36:30, rho: x^2 + 1, starting 1000 iterations on C617
09/15/23 14:36:31, pm1: starting B1 = 150K, B2 = gmp-ecm default on C617
09/15/23 14:36:32, current ECM pretesting depth: 0.000000
09/15/23 14:36:32, scheduled 30 curves at B1=2000 toward target pretesting depth of 189.846154
09/15/23 14:36:34, Finished 30 curves using GMP-ECM method on C617 input, B1=2k, B2=gmp-ecm default
09/15/23 14:36:34, current ECM pretesting depth: 15.177725
09/15/23 14:36:34, scheduled 74 curves at B1=11000 toward target pretesting depth of 189.846154
09/15/23 14:36:57, Finished 74 curves using GMP-ECM method on C617 input, B1=11k, B2=gmp-ecm default
09/15/23 14:36:57, current ECM pretesting depth: 20.242996
09/15/23 14:36:57, scheduled 214 curves at B1=50000 toward target pretesting depth of 189.846154
09/15/23 14:38:45, Finished 85 curves using GMP-ECM method on C617 input, B1=50k, B2=gmp-ecm default
09/15/23 14:38:45, ecm work completed:
09/15/23 14:38:45, 	t15: 19.31
09/15/23 14:38:45, 	t20: 5.08
09/15/23 14:38:45, 	t25: 0.45
09/15/23 14:38:45, 	t30: 0.03
09/15/23 14:38:45, 	estimated sum of completed work is t22.23
09/15/23 14:38:45, c617 cofactor = 21240130069302595435883573568292543584653982426668643904196630885984119007899960150162877143271928662185885422702123670222165981446412189843665571992895649937195036232374014356896167929469467494531756153911013832353810970941919101050971790197002016280790620714887304192321101311465703150098410331176735899796484284165771555960758054286754565310439163189954842301676099617954811528874343372426916478057819577132937062857039063351856289801979923260408285890418889829381378968646646737194160697920287161229178345666260994127087040393511692642122516019055570881253021165130706539874713965212158253699181636631222365809257
09/15/23 14:38:45, Total factoring time = 137.4027 seconds
